INFO:__main__:=========================================================
INFO:__main__:Time: 0
INFO:__main__:Current Process: None
INFO:__main__:Queue 1: []
INFO:__main__:Queue 2: []
INFO:__main__:Queue 3: []
INFO:__main__:=========================================================
INFO:__main__:Process P1 has arrived and added to Queue 3
INFO:__main__:Process P1 from Queue 3 is selected to run
INFO:__main__:=========================================================
INFO:__main__:Time: 1
INFO:__main__:Current Process: P1 (burst_time: 20, processed_time: 0, sub_wait_time: 0, arrival_time: 1)
INFO:__main__:Queue 1: []
INFO:__main__:Queue 2: []
INFO:__main__:Queue 3: []
INFO:__main__:=========================================================
INFO:__main__:Processing P1, remaining burst time: 19
INFO:__main__:=========================================================
INFO:__main__:Time: 2
INFO:__main__:Current Process: P1 (burst_time: 19, processed_time: 1, sub_wait_time: 0, arrival_time: 1)
INFO:__main__:Queue 1: []
INFO:__main__:Queue 2: []
INFO:__main__:Queue 3: []
INFO:__main__:=========================================================
INFO:__main__:Process P2 has arrived and added to Queue 2
INFO:__main__:Processing P1, remaining burst time: 18
INFO:__main__:=========================================================
INFO:__main__:Time: 3
INFO:__main__:Current Process: P1 (burst_time: 18, processed_time: 2, sub_wait_time: 0, arrival_time: 1)
INFO:__main__:Queue 1: []
INFO:__main__:Queue 2: [P2 (burst_time: 10, processed_time: 0, sub_wait_time: 0, arrival_time: 3), ]
INFO:__main__:Queue 3: []
INFO:__main__:=========================================================
INFO:__main__:Processing P1, remaining burst time: 17
INFO:__main__:Quantum time finished for process P1
INFO:__main__:Process P2 from Queue 2 is selected to run
INFO:__main__:=========================================================
INFO:__main__:Time: 4
INFO:__main__:Current Process: P2 (burst_time: 10, processed_time: 0, sub_wait_time: 0, arrival_time: 3)
INFO:__main__:Queue 1: []
INFO:__main__:Queue 2: []
INFO:__main__:Queue 3: [P1 (burst_time: 17, processed_time: 3, sub_wait_time: 0, arrival_time: 1), ]
INFO:__main__:=========================================================
INFO:__main__:Process P3 has arrived and added to Queue 1
INFO:__main__:Processing P2, remaining burst time: 9
INFO:__main__:=========================================================
INFO:__main__:Time: 5
INFO:__main__:Current Process: P2 (burst_time: 9, processed_time: 1, sub_wait_time: 0, arrival_time: 3)
INFO:__main__:Queue 1: [P3 (burst_time: 2, processed_time: 0, sub_wait_time: 0, arrival_time: 5), ]
INFO:__main__:Queue 2: []
INFO:__main__:Queue 3: [P1 (burst_time: 17, processed_time: 3, sub_wait_time: 1, arrival_time: 1), ]
INFO:__main__:=========================================================
INFO:__main__:Processing P2, remaining burst time: 8
INFO:__main__:=========================================================
INFO:__main__:Time: 6
INFO:__main__:Current Process: P2 (burst_time: 8, processed_time: 2, sub_wait_time: 0, arrival_time: 3)
INFO:__main__:Queue 1: [P3 (burst_time: 2, processed_time: 0, sub_wait_time: 1, arrival_time: 5), ]
INFO:__main__:Queue 2: []
INFO:__main__:Queue 3: [P1 (burst_time: 17, processed_time: 3, sub_wait_time: 2, arrival_time: 1), ]
INFO:__main__:=========================================================
INFO:__main__:Processing P2, remaining burst time: 7
INFO:__main__:Quantum time finished for process P2
INFO:__main__:Process P3 from Queue 1 is selected to run
INFO:__main__:=========================================================
INFO:__main__:Time: 7
INFO:__main__:Current Process: P3 (burst_time: 2, processed_time: 0, sub_wait_time: 0, arrival_time: 5)
INFO:__main__:Queue 1: []
INFO:__main__:Queue 2: [P2 (burst_time: 7, processed_time: 3, sub_wait_time: 0, arrival_time: 3), ]
INFO:__main__:Queue 3: [P1 (burst_time: 17, processed_time: 3, sub_wait_time: 3, arrival_time: 1), ]
INFO:__main__:=========================================================
INFO:__main__:Process P4 has arrived and added to Queue 2
INFO:__main__:Processing P3, remaining burst time: 1
INFO:__main__:=========================================================
INFO:__main__:Time: 8
INFO:__main__:Current Process: P3 (burst_time: 1, processed_time: 1, sub_wait_time: 0, arrival_time: 5)
INFO:__main__:Queue 1: []
INFO:__main__:Queue 2: [P2 (burst_time: 7, processed_time: 3, sub_wait_time: 1, arrival_time: 3), P4 (burst_time: 7, processed_time: 0, sub_wait_time: 0, arrival_time: 8), ]
INFO:__main__:Queue 3: [P1 (burst_time: 17, processed_time: 3, sub_wait_time: 4, arrival_time: 1), ]
INFO:__main__:=========================================================
INFO:__main__:Process P1 has been promoted to Queue 2 due to aging
INFO:__main__:Processing P3, remaining burst time: 0
INFO:__main__:Process P3 has completed execution
INFO:__main__:Quantum time finished for process P3
INFO:__main__:Process P2 from Queue 2 is selected to run
INFO:__main__:=========================================================
INFO:__main__:Time: 9
INFO:__main__:Current Process: P2 (burst_time: 7, processed_time: 3, sub_wait_time: 0, arrival_time: 3)
INFO:__main__:Queue 1: []
INFO:__main__:Queue 2: [P4 (burst_time: 7, processed_time: 0, sub_wait_time: 1, arrival_time: 8), P1 (burst_time: 17, processed_time: 3, sub_wait_time: 0, arrival_time: 1), ]
INFO:__main__:Queue 3: []
INFO:__main__:=========================================================
INFO:__main__:Processing P2, remaining burst time: 6
INFO:__main__:=========================================================
INFO:__main__:Time: 10
INFO:__main__:Current Process: P2 (burst_time: 6, processed_time: 4, sub_wait_time: 0, arrival_time: 3)
INFO:__main__:Queue 1: []
INFO:__main__:Queue 2: [P4 (burst_time: 7, processed_time: 0, sub_wait_time: 2, arrival_time: 8), P1 (burst_time: 17, processed_time: 3, sub_wait_time: 1, arrival_time: 1), ]
INFO:__main__:Queue 3: []
INFO:__main__:=========================================================
INFO:__main__:Process P5 has arrived and added to Queue 3
INFO:__main__:Processing P2, remaining burst time: 5
INFO:__main__:=========================================================
INFO:__main__:Time: 11
INFO:__main__:Current Process: P2 (burst_time: 5, processed_time: 5, sub_wait_time: 0, arrival_time: 3)
INFO:__main__:Queue 1: []
INFO:__main__:Queue 2: [P4 (burst_time: 7, processed_time: 0, sub_wait_time: 3, arrival_time: 8), P1 (burst_time: 17, processed_time: 3, sub_wait_time: 2, arrival_time: 1), ]
INFO:__main__:Queue 3: [P5 (burst_time: 15, processed_time: 0, sub_wait_time: 0, arrival_time: 11), ]
INFO:__main__:=========================================================
INFO:__main__:Processing P2, remaining burst time: 4
INFO:__main__:Process P2 has been demoted to Queue 3 due to exceeding lower priority time
INFO:__main__:Quantum time finished for process P2
INFO:__main__:Process P4 from Queue 2 is selected to run
INFO:__main__:=========================================================
INFO:__main__:Time: 12
INFO:__main__:Current Process: P4 (burst_time: 7, processed_time: 0, sub_wait_time: 0, arrival_time: 8)
INFO:__main__:Queue 1: []
INFO:__main__:Queue 2: [P1 (burst_time: 17, processed_time: 3, sub_wait_time: 3, arrival_time: 1), ]
INFO:__main__:Queue 3: [P5 (burst_time: 15, processed_time: 0, sub_wait_time: 1, arrival_time: 11), P2 (burst_time: 4, processed_time: 0, sub_wait_time: 0, arrival_time: 3), ]
INFO:__main__:=========================================================
INFO:__main__:Processing P4, remaining burst time: 6
INFO:__main__:=========================================================
INFO:__main__:Time: 13
INFO:__main__:Current Process: P4 (burst_time: 6, processed_time: 1, sub_wait_time: 0, arrival_time: 8)
INFO:__main__:Queue 1: []
INFO:__main__:Queue 2: [P1 (burst_time: 17, processed_time: 3, sub_wait_time: 4, arrival_time: 1), ]
INFO:__main__:Queue 3: [P5 (burst_time: 15, processed_time: 0, sub_wait_time: 2, arrival_time: 11), P2 (burst_time: 4, processed_time: 0, sub_wait_time: 1, arrival_time: 3), ]
INFO:__main__:=========================================================
INFO:__main__:Process P1 has been promoted to Queue 1 due to aging
INFO:__main__:Processing P4, remaining burst time: 5
INFO:__main__:=========================================================
INFO:__main__:Time: 14
INFO:__main__:Current Process: P4 (burst_time: 5, processed_time: 2, sub_wait_time: 0, arrival_time: 8)
INFO:__main__:Queue 1: [P1 (burst_time: 17, processed_time: 3, sub_wait_time: 0, arrival_time: 1), ]
INFO:__main__:Queue 2: []
INFO:__main__:Queue 3: [P5 (burst_time: 15, processed_time: 0, sub_wait_time: 3, arrival_time: 11), P2 (burst_time: 4, processed_time: 0, sub_wait_time: 2, arrival_time: 3), ]
INFO:__main__:=========================================================
INFO:__main__:Process P6 has arrived and added to Queue 2
INFO:__main__:Processing P4, remaining burst time: 4
INFO:__main__:Quantum time finished for process P4
INFO:__main__:Process P1 from Queue 1 is selected to run
INFO:__main__:=========================================================
INFO:__main__:Time: 15
INFO:__main__:Current Process: P1 (burst_time: 17, processed_time: 3, sub_wait_time: 0, arrival_time: 1)
INFO:__main__:Queue 1: []
INFO:__main__:Queue 2: [P6 (burst_time: 8, processed_time: 0, sub_wait_time: 0, arrival_time: 15), P4 (burst_time: 4, processed_time: 3, sub_wait_time: 0, arrival_time: 8), ]
INFO:__main__:Queue 3: [P5 (burst_time: 15, processed_time: 0, sub_wait_time: 4, arrival_time: 11), P2 (burst_time: 4, processed_time: 0, sub_wait_time: 3, arrival_time: 3), ]
INFO:__main__:=========================================================
INFO:__main__:Process P5 has been promoted to Queue 2 due to aging
INFO:__main__:Processing P1, remaining burst time: 16
INFO:__main__:=========================================================
INFO:__main__:Time: 16
INFO:__main__:Current Process: P1 (burst_time: 16, processed_time: 4, sub_wait_time: 0, arrival_time: 1)
INFO:__main__:Queue 1: []
INFO:__main__:Queue 2: [P6 (burst_time: 8, processed_time: 0, sub_wait_time: 1, arrival_time: 15), P4 (burst_time: 4, processed_time: 3, sub_wait_time: 1, arrival_time: 8), P5 (burst_time: 15, processed_time: 0, sub_wait_time: 0, arrival_time: 11), ]
INFO:__main__:Queue 3: [P2 (burst_time: 4, processed_time: 0, sub_wait_time: 3, arrival_time: 3), ]
INFO:__main__:=========================================================
INFO:__main__:Processing P1, remaining burst time: 15
INFO:__main__:=========================================================
INFO:__main__:Time: 17
INFO:__main__:Current Process: P1 (burst_time: 15, processed_time: 5, sub_wait_time: 0, arrival_time: 1)
INFO:__main__:Queue 1: []
INFO:__main__:Queue 2: [P6 (burst_time: 8, processed_time: 0, sub_wait_time: 2, arrival_time: 15), P4 (burst_time: 4, processed_time: 3, sub_wait_time: 2, arrival_time: 8), P5 (burst_time: 15, processed_time: 0, sub_wait_time: 1, arrival_time: 11), ]
INFO:__main__:Queue 3: [P2 (burst_time: 4, processed_time: 0, sub_wait_time: 4, arrival_time: 3), ]
INFO:__main__:=========================================================
INFO:__main__:Process P2 has been promoted to Queue 2 due to aging
INFO:__main__:Processing P1, remaining burst time: 14
INFO:__main__:Process P1 has been demoted to Queue 2 due to exceeding lower priority time
INFO:__main__:Quantum time finished for process P1
INFO:__main__:Process P6 from Queue 2 is selected to run
INFO:__main__:=========================================================
INFO:__main__:Time: 18
INFO:__main__:Current Process: P6 (burst_time: 8, processed_time: 0, sub_wait_time: 0, arrival_time: 15)
INFO:__main__:Queue 1: []
INFO:__main__:Queue 2: [P4 (burst_time: 4, processed_time: 3, sub_wait_time: 3, arrival_time: 8), P5 (burst_time: 15, processed_time: 0, sub_wait_time: 2, arrival_time: 11), P2 (burst_time: 4, processed_time: 0, sub_wait_time: 0, arrival_time: 3), P1 (burst_time: 14, processed_time: 0, sub_wait_time: 0, arrival_time: 1), ]
INFO:__main__:Queue 3: []
INFO:__main__:=========================================================
INFO:__main__:Processing P6, remaining burst time: 7
INFO:__main__:=========================================================
INFO:__main__:Time: 19
INFO:__main__:Current Process: P6 (burst_time: 7, processed_time: 1, sub_wait_time: 0, arrival_time: 15)
INFO:__main__:Queue 1: []
INFO:__main__:Queue 2: [P4 (burst_time: 4, processed_time: 3, sub_wait_time: 4, arrival_time: 8), P5 (burst_time: 15, processed_time: 0, sub_wait_time: 3, arrival_time: 11), P2 (burst_time: 4, processed_time: 0, sub_wait_time: 1, arrival_time: 3), P1 (burst_time: 14, processed_time: 0, sub_wait_time: 1, arrival_time: 1), ]
INFO:__main__:Queue 3: []
INFO:__main__:=========================================================
INFO:__main__:Process P4 has been promoted to Queue 1 due to aging
INFO:__main__:Process P7 has arrived and added to Queue 1
INFO:__main__:Processing P6, remaining burst time: 6
INFO:__main__:=========================================================
INFO:__main__:Time: 20
INFO:__main__:Current Process: P6 (burst_time: 6, processed_time: 2, sub_wait_time: 0, arrival_time: 15)
INFO:__main__:Queue 1: [P4 (burst_time: 4, processed_time: 3, sub_wait_time: 0, arrival_time: 8), P7 (burst_time: 4, processed_time: 0, sub_wait_time: 0, arrival_time: 20), ]
INFO:__main__:Queue 2: [P5 (burst_time: 15, processed_time: 0, sub_wait_time: 3, arrival_time: 11), P2 (burst_time: 4, processed_time: 0, sub_wait_time: 2, arrival_time: 3), P1 (burst_time: 14, processed_time: 0, sub_wait_time: 2, arrival_time: 1), ]
INFO:__main__:Queue 3: []
INFO:__main__:=========================================================
INFO:__main__:Processing P6, remaining burst time: 5
INFO:__main__:Quantum time finished for process P6
INFO:__main__:Process P4 from Queue 1 is selected to run
INFO:__main__:=========================================================
INFO:__main__:Time: 21
INFO:__main__:Current Process: P4 (burst_time: 4, processed_time: 3, sub_wait_time: 0, arrival_time: 8)
INFO:__main__:Queue 1: [P7 (burst_time: 4, processed_time: 0, sub_wait_time: 1, arrival_time: 20), ]
INFO:__main__:Queue 2: [P5 (burst_time: 15, processed_time: 0, sub_wait_time: 4, arrival_time: 11), P2 (burst_time: 4, processed_time: 0, sub_wait_time: 3, arrival_time: 3), P1 (burst_time: 14, processed_time: 0, sub_wait_time: 3, arrival_time: 1), P6 (burst_time: 5, processed_time: 3, sub_wait_time: 0, arrival_time: 15), ]
INFO:__main__:Queue 3: []
INFO:__main__:=========================================================
INFO:__main__:Process P5 has been promoted to Queue 1 due to aging
INFO:__main__:Processing P4, remaining burst time: 3
INFO:__main__:=========================================================
INFO:__main__:Time: 22
INFO:__main__:Current Process: P4 (burst_time: 3, processed_time: 4, sub_wait_time: 0, arrival_time: 8)
INFO:__main__:Queue 1: [P7 (burst_time: 4, processed_time: 0, sub_wait_time: 2, arrival_time: 20), P5 (burst_time: 15, processed_time: 0, sub_wait_time: 0, arrival_time: 11), ]
INFO:__main__:Queue 2: [P2 (burst_time: 4, processed_time: 0, sub_wait_time: 3, arrival_time: 3), P1 (burst_time: 14, processed_time: 0, sub_wait_time: 4, arrival_time: 1), P6 (burst_time: 5, processed_time: 3, sub_wait_time: 1, arrival_time: 15), ]
INFO:__main__:Queue 3: []
INFO:__main__:=========================================================
INFO:__main__:Process P1 has been promoted to Queue 1 due to aging
INFO:__main__:Processing P4, remaining burst time: 2
INFO:__main__:=========================================================
INFO:__main__:Time: 23
INFO:__main__:Current Process: P4 (burst_time: 2, processed_time: 5, sub_wait_time: 0, arrival_time: 8)
INFO:__main__:Queue 1: [P7 (burst_time: 4, processed_time: 0, sub_wait_time: 3, arrival_time: 20), P5 (burst_time: 15, processed_time: 0, sub_wait_time: 1, arrival_time: 11), P1 (burst_time: 14, processed_time: 0, sub_wait_time: 0, arrival_time: 1), ]
INFO:__main__:Queue 2: [P2 (burst_time: 4, processed_time: 0, sub_wait_time: 4, arrival_time: 3), P6 (burst_time: 5, processed_time: 3, sub_wait_time: 1, arrival_time: 15), ]
INFO:__main__:Queue 3: []
INFO:__main__:=========================================================
INFO:__main__:Process P2 has been promoted to Queue 1 due to aging
INFO:__main__:Processing P4, remaining burst time: 1
INFO:__main__:Process P4 has been demoted to Queue 2 due to exceeding lower priority time
INFO:__main__:Quantum time finished for process P4
INFO:__main__:Process P7 from Queue 1 is selected to run
INFO:__main__:=========================================================
INFO:__main__:Time: 24
INFO:__main__:Current Process: P7 (burst_time: 4, processed_time: 0, sub_wait_time: 0, arrival_time: 20)
INFO:__main__:Queue 1: [P5 (burst_time: 15, processed_time: 0, sub_wait_time: 2, arrival_time: 11), P1 (burst_time: 14, processed_time: 0, sub_wait_time: 1, arrival_time: 1), P2 (burst_time: 4, processed_time: 0, sub_wait_time: 0, arrival_time: 3), ]
INFO:__main__:Queue 2: [P6 (burst_time: 5, processed_time: 3, sub_wait_time: 1, arrival_time: 15), P4 (burst_time: 1, processed_time: 0, sub_wait_time: 0, arrival_time: 8), ]
INFO:__main__:Queue 3: []
INFO:__main__:=========================================================
INFO:__main__:Processing P7, remaining burst time: 3
INFO:__main__:=========================================================
INFO:__main__:Time: 25
INFO:__main__:Current Process: P7 (burst_time: 3, processed_time: 1, sub_wait_time: 0, arrival_time: 20)
INFO:__main__:Queue 1: [P5 (burst_time: 15, processed_time: 0, sub_wait_time: 3, arrival_time: 11), P1 (burst_time: 14, processed_time: 0, sub_wait_time: 2, arrival_time: 1), P2 (burst_time: 4, processed_time: 0, sub_wait_time: 1, arrival_time: 3), ]
INFO:__main__:Queue 2: [P6 (burst_time: 5, processed_time: 3, sub_wait_time: 2, arrival_time: 15), P4 (burst_time: 1, processed_time: 0, sub_wait_time: 1, arrival_time: 8), ]
INFO:__main__:Queue 3: []
INFO:__main__:=========================================================
INFO:__main__:Processing P7, remaining burst time: 2
INFO:__main__:=========================================================
INFO:__main__:Time: 26
INFO:__main__:Current Process: P7 (burst_time: 2, processed_time: 2, sub_wait_time: 0, arrival_time: 20)
INFO:__main__:Queue 1: [P5 (burst_time: 15, processed_time: 0, sub_wait_time: 4, arrival_time: 11), P1 (burst_time: 14, processed_time: 0, sub_wait_time: 3, arrival_time: 1), P2 (burst_time: 4, processed_time: 0, sub_wait_time: 2, arrival_time: 3), ]
INFO:__main__:Queue 2: [P6 (burst_time: 5, processed_time: 3, sub_wait_time: 3, arrival_time: 15), P4 (burst_time: 1, processed_time: 0, sub_wait_time: 2, arrival_time: 8), ]
INFO:__main__:Queue 3: []
INFO:__main__:=========================================================
INFO:__main__:Processing P7, remaining burst time: 1
INFO:__main__:Quantum time finished for process P7
INFO:__main__:Process P5 from Queue 1 is selected to run
INFO:__main__:=========================================================
INFO:__main__:Time: 27
INFO:__main__:Current Process: P5 (burst_time: 15, processed_time: 0, sub_wait_time: 0, arrival_time: 11)
INFO:__main__:Queue 1: [P1 (burst_time: 14, processed_time: 0, sub_wait_time: 4, arrival_time: 1), P2 (burst_time: 4, processed_time: 0, sub_wait_time: 3, arrival_time: 3), P7 (burst_time: 1, processed_time: 3, sub_wait_time: 0, arrival_time: 20), ]
INFO:__main__:Queue 2: [P6 (burst_time: 5, processed_time: 3, sub_wait_time: 4, arrival_time: 15), P4 (burst_time: 1, processed_time: 0, sub_wait_time: 3, arrival_time: 8), ]
INFO:__main__:Queue 3: []
INFO:__main__:=========================================================
INFO:__main__:Process P6 has been promoted to Queue 1 due to aging
INFO:__main__:Processing P5, remaining burst time: 14
INFO:__main__:=========================================================
INFO:__main__:Time: 28
INFO:__main__:Current Process: P5 (burst_time: 14, processed_time: 1, sub_wait_time: 0, arrival_time: 11)
INFO:__main__:Queue 1: [P1 (burst_time: 14, processed_time: 0, sub_wait_time: 5, arrival_time: 1), P2 (burst_time: 4, processed_time: 0, sub_wait_time: 4, arrival_time: 3), P7 (burst_time: 1, processed_time: 3, sub_wait_time: 1, arrival_time: 20), P6 (burst_time: 5, processed_time: 3, sub_wait_time: 0, arrival_time: 15), ]
INFO:__main__:Queue 2: [P4 (burst_time: 1, processed_time: 0, sub_wait_time: 3, arrival_time: 8), ]
INFO:__main__:Queue 3: []
INFO:__main__:=========================================================
INFO:__main__:Processing P5, remaining burst time: 13
INFO:__main__:=========================================================
INFO:__main__:Time: 29
INFO:__main__:Current Process: P5 (burst_time: 13, processed_time: 2, sub_wait_time: 0, arrival_time: 11)
INFO:__main__:Queue 1: [P1 (burst_time: 14, processed_time: 0, sub_wait_time: 6, arrival_time: 1), P2 (burst_time: 4, processed_time: 0, sub_wait_time: 5, arrival_time: 3), P7 (burst_time: 1, processed_time: 3, sub_wait_time: 2, arrival_time: 20), P6 (burst_time: 5, processed_time: 3, sub_wait_time: 1, arrival_time: 15), ]
INFO:__main__:Queue 2: [P4 (burst_time: 1, processed_time: 0, sub_wait_time: 4, arrival_time: 8), ]
INFO:__main__:Queue 3: []
INFO:__main__:=========================================================
INFO:__main__:Process P4 has been promoted to Queue 1 due to aging
INFO:__main__:Processing P5, remaining burst time: 12
INFO:__main__:Quantum time finished for process P5
INFO:__main__:Process P1 from Queue 1 is selected to run
INFO:__main__:=========================================================
INFO:__main__:Time: 30
INFO:__main__:Current Process: P1 (burst_time: 14, processed_time: 0, sub_wait_time: 0, arrival_time: 1)
INFO:__main__:Queue 1: [P2 (burst_time: 4, processed_time: 0, sub_wait_time: 6, arrival_time: 3), P7 (burst_time: 1, processed_time: 3, sub_wait_time: 3, arrival_time: 20), P6 (burst_time: 5, processed_time: 3, sub_wait_time: 2, arrival_time: 15), P4 (burst_time: 1, processed_time: 0, sub_wait_time: 0, arrival_time: 8), P5 (burst_time: 12, processed_time: 3, sub_wait_time: 0, arrival_time: 11), ]
INFO:__main__:Queue 2: []
INFO:__main__:Queue 3: []
INFO:__main__:=========================================================
INFO:__main__:Processing P1, remaining burst time: 13
INFO:__main__:=========================================================
INFO:__main__:Time: 31
INFO:__main__:Current Process: P1 (burst_time: 13, processed_time: 1, sub_wait_time: 0, arrival_time: 1)
INFO:__main__:Queue 1: [P2 (burst_time: 4, processed_time: 0, sub_wait_time: 7, arrival_time: 3), P7 (burst_time: 1, processed_time: 3, sub_wait_time: 4, arrival_time: 20), P6 (burst_time: 5, processed_time: 3, sub_wait_time: 3, arrival_time: 15), P4 (burst_time: 1, processed_time: 0, sub_wait_time: 1, arrival_time: 8), P5 (burst_time: 12, processed_time: 3, sub_wait_time: 1, arrival_time: 11), ]
INFO:__main__:Queue 2: []
INFO:__main__:Queue 3: []
INFO:__main__:=========================================================
INFO:__main__:Processing P1, remaining burst time: 12
INFO:__main__:=========================================================
INFO:__main__:Time: 32
INFO:__main__:Current Process: P1 (burst_time: 12, processed_time: 2, sub_wait_time: 0, arrival_time: 1)
INFO:__main__:Queue 1: [P2 (burst_time: 4, processed_time: 0, sub_wait_time: 8, arrival_time: 3), P7 (burst_time: 1, processed_time: 3, sub_wait_time: 5, arrival_time: 20), P6 (burst_time: 5, processed_time: 3, sub_wait_time: 4, arrival_time: 15), P4 (burst_time: 1, processed_time: 0, sub_wait_time: 2, arrival_time: 8), P5 (burst_time: 12, processed_time: 3, sub_wait_time: 2, arrival_time: 11), ]
INFO:__main__:Queue 2: []
INFO:__main__:Queue 3: []
INFO:__main__:=========================================================
INFO:__main__:Processing P1, remaining burst time: 11
INFO:__main__:Quantum time finished for process P1
INFO:__main__:Process P2 from Queue 1 is selected to run
INFO:__main__:=========================================================
INFO:__main__:Time: 33
INFO:__main__:Current Process: P2 (burst_time: 4, processed_time: 0, sub_wait_time: 0, arrival_time: 3)
INFO:__main__:Queue 1: [P7 (burst_time: 1, processed_time: 3, sub_wait_time: 6, arrival_time: 20), P6 (burst_time: 5, processed_time: 3, sub_wait_time: 5, arrival_time: 15), P4 (burst_time: 1, processed_time: 0, sub_wait_time: 3, arrival_time: 8), P5 (burst_time: 12, processed_time: 3, sub_wait_time: 3, arrival_time: 11), P1 (burst_time: 11, processed_time: 3, sub_wait_time: 0, arrival_time: 1), ]
INFO:__main__:Queue 2: []
INFO:__main__:Queue 3: []
INFO:__main__:=========================================================
INFO:__main__:Processing P2, remaining burst time: 3
INFO:__main__:=========================================================
INFO:__main__:Time: 34
INFO:__main__:Current Process: P2 (burst_time: 3, processed_time: 1, sub_wait_time: 0, arrival_time: 3)
INFO:__main__:Queue 1: [P7 (burst_time: 1, processed_time: 3, sub_wait_time: 7, arrival_time: 20), P6 (burst_time: 5, processed_time: 3, sub_wait_time: 6, arrival_time: 15), P4 (burst_time: 1, processed_time: 0, sub_wait_time: 4, arrival_time: 8), P5 (burst_time: 12, processed_time: 3, sub_wait_time: 4, arrival_time: 11), P1 (burst_time: 11, processed_time: 3, sub_wait_time: 1, arrival_time: 1), ]
INFO:__main__:Queue 2: []
INFO:__main__:Queue 3: []
INFO:__main__:=========================================================
INFO:__main__:Processing P2, remaining burst time: 2
INFO:__main__:=========================================================
INFO:__main__:Time: 35
INFO:__main__:Current Process: P2 (burst_time: 2, processed_time: 2, sub_wait_time: 0, arrival_time: 3)
INFO:__main__:Queue 1: [P7 (burst_time: 1, processed_time: 3, sub_wait_time: 8, arrival_time: 20), P6 (burst_time: 5, processed_time: 3, sub_wait_time: 7, arrival_time: 15), P4 (burst_time: 1, processed_time: 0, sub_wait_time: 5, arrival_time: 8), P5 (burst_time: 12, processed_time: 3, sub_wait_time: 5, arrival_time: 11), P1 (burst_time: 11, processed_time: 3, sub_wait_time: 2, arrival_time: 1), ]
INFO:__main__:Queue 2: []
INFO:__main__:Queue 3: []
INFO:__main__:=========================================================
INFO:__main__:Processing P2, remaining burst time: 1
INFO:__main__:Quantum time finished for process P2
INFO:__main__:Process P7 from Queue 1 is selected to run
INFO:__main__:=========================================================
INFO:__main__:Time: 36
INFO:__main__:Current Process: P7 (burst_time: 1, processed_time: 3, sub_wait_time: 0, arrival_time: 20)
INFO:__main__:Queue 1: [P6 (burst_time: 5, processed_time: 3, sub_wait_time: 8, arrival_time: 15), P4 (burst_time: 1, processed_time: 0, sub_wait_time: 6, arrival_time: 8), P5 (burst_time: 12, processed_time: 3, sub_wait_time: 6, arrival_time: 11), P1 (burst_time: 11, processed_time: 3, sub_wait_time: 3, arrival_time: 1), P2 (burst_time: 1, processed_time: 3, sub_wait_time: 0, arrival_time: 3), ]
INFO:__main__:Queue 2: []
INFO:__main__:Queue 3: []
INFO:__main__:=========================================================
INFO:__main__:Processing P7, remaining burst time: 0
INFO:__main__:Process P7 has completed execution
INFO:__main__:Quantum time finished for process P7
INFO:__main__:Process P6 from Queue 1 is selected to run
INFO:__main__:=========================================================
INFO:__main__:Time: 37
INFO:__main__:Current Process: P6 (burst_time: 5, processed_time: 3, sub_wait_time: 0, arrival_time: 15)
INFO:__main__:Queue 1: [P4 (burst_time: 1, processed_time: 0, sub_wait_time: 7, arrival_time: 8), P5 (burst_time: 12, processed_time: 3, sub_wait_time: 7, arrival_time: 11), P1 (burst_time: 11, processed_time: 3, sub_wait_time: 4, arrival_time: 1), P2 (burst_time: 1, processed_time: 3, sub_wait_time: 1, arrival_time: 3), ]
INFO:__main__:Queue 2: []
INFO:__main__:Queue 3: []
INFO:__main__:=========================================================
INFO:__main__:Processing P6, remaining burst time: 4
INFO:__main__:=========================================================
INFO:__main__:Time: 38
INFO:__main__:Current Process: P6 (burst_time: 4, processed_time: 4, sub_wait_time: 0, arrival_time: 15)
INFO:__main__:Queue 1: [P4 (burst_time: 1, processed_time: 0, sub_wait_time: 8, arrival_time: 8), P5 (burst_time: 12, processed_time: 3, sub_wait_time: 8, arrival_time: 11), P1 (burst_time: 11, processed_time: 3, sub_wait_time: 5, arrival_time: 1), P2 (burst_time: 1, processed_time: 3, sub_wait_time: 2, arrival_time: 3), ]
INFO:__main__:Queue 2: []
INFO:__main__:Queue 3: []
INFO:__main__:=========================================================
INFO:__main__:Processing P6, remaining burst time: 3
INFO:__main__:=========================================================
INFO:__main__:Time: 39
INFO:__main__:Current Process: P6 (burst_time: 3, processed_time: 5, sub_wait_time: 0, arrival_time: 15)
INFO:__main__:Queue 1: [P4 (burst_time: 1, processed_time: 0, sub_wait_time: 9, arrival_time: 8), P5 (burst_time: 12, processed_time: 3, sub_wait_time: 9, arrival_time: 11), P1 (burst_time: 11, processed_time: 3, sub_wait_time: 6, arrival_time: 1), P2 (burst_time: 1, processed_time: 3, sub_wait_time: 3, arrival_time: 3), ]
INFO:__main__:Queue 2: []
INFO:__main__:Queue 3: []
INFO:__main__:=========================================================
INFO:__main__:Processing P6, remaining burst time: 2
INFO:__main__:Process P6 has been demoted to Queue 2 due to exceeding lower priority time
INFO:__main__:Quantum time finished for process P6
INFO:__main__:Process P4 from Queue 1 is selected to run
INFO:__main__:=========================================================
INFO:__main__:Time: 40
INFO:__main__:Current Process: P4 (burst_time: 1, processed_time: 0, sub_wait_time: 0, arrival_time: 8)
INFO:__main__:Queue 1: [P5 (burst_time: 12, processed_time: 3, sub_wait_time: 10, arrival_time: 11), P1 (burst_time: 11, processed_time: 3, sub_wait_time: 7, arrival_time: 1), P2 (burst_time: 1, processed_time: 3, sub_wait_time: 4, arrival_time: 3), ]
INFO:__main__:Queue 2: [P6 (burst_time: 2, processed_time: 0, sub_wait_time: 0, arrival_time: 15), ]
INFO:__main__:Queue 3: []
INFO:__main__:=========================================================
INFO:__main__:Processing P4, remaining burst time: 0
INFO:__main__:Process P4 has completed execution
INFO:__main__:Quantum time finished for process P4
INFO:__main__:Process P5 from Queue 1 is selected to run
INFO:__main__:=========================================================
INFO:__main__:Time: 41
INFO:__main__:Current Process: P5 (burst_time: 12, processed_time: 3, sub_wait_time: 0, arrival_time: 11)
INFO:__main__:Queue 1: [P1 (burst_time: 11, processed_time: 3, sub_wait_time: 8, arrival_time: 1), P2 (burst_time: 1, processed_time: 3, sub_wait_time: 5, arrival_time: 3), ]
INFO:__main__:Queue 2: [P6 (burst_time: 2, processed_time: 0, sub_wait_time: 1, arrival_time: 15), ]
INFO:__main__:Queue 3: []
INFO:__main__:=========================================================
INFO:__main__:Processing P5, remaining burst time: 11
INFO:__main__:=========================================================
INFO:__main__:Time: 42
INFO:__main__:Current Process: P5 (burst_time: 11, processed_time: 4, sub_wait_time: 0, arrival_time: 11)
INFO:__main__:Queue 1: [P1 (burst_time: 11, processed_time: 3, sub_wait_time: 9, arrival_time: 1), P2 (burst_time: 1, processed_time: 3, sub_wait_time: 6, arrival_time: 3), ]
INFO:__main__:Queue 2: [P6 (burst_time: 2, processed_time: 0, sub_wait_time: 2, arrival_time: 15), ]
INFO:__main__:Queue 3: []
INFO:__main__:=========================================================
INFO:__main__:Processing P5, remaining burst time: 10
INFO:__main__:=========================================================
INFO:__main__:Time: 43
INFO:__main__:Current Process: P5 (burst_time: 10, processed_time: 5, sub_wait_time: 0, arrival_time: 11)
INFO:__main__:Queue 1: [P1 (burst_time: 11, processed_time: 3, sub_wait_time: 10, arrival_time: 1), P2 (burst_time: 1, processed_time: 3, sub_wait_time: 7, arrival_time: 3), ]
INFO:__main__:Queue 2: [P6 (burst_time: 2, processed_time: 0, sub_wait_time: 3, arrival_time: 15), ]
INFO:__main__:Queue 3: []
INFO:__main__:=========================================================
INFO:__main__:Processing P5, remaining burst time: 9
INFO:__main__:Process P5 has been demoted to Queue 2 due to exceeding lower priority time
INFO:__main__:Quantum time finished for process P5
INFO:__main__:Process P1 from Queue 1 is selected to run
INFO:__main__:=========================================================
INFO:__main__:Time: 44
INFO:__main__:Current Process: P1 (burst_time: 11, processed_time: 3, sub_wait_time: 0, arrival_time: 1)
INFO:__main__:Queue 1: [P2 (burst_time: 1, processed_time: 3, sub_wait_time: 8, arrival_time: 3), ]
INFO:__main__:Queue 2: [P6 (burst_time: 2, processed_time: 0, sub_wait_time: 4, arrival_time: 15), P5 (burst_time: 9, processed_time: 0, sub_wait_time: 0, arrival_time: 11), ]
INFO:__main__:Queue 3: []
INFO:__main__:=========================================================
INFO:__main__:Process P6 has been promoted to Queue 1 due to aging
INFO:__main__:Processing P1, remaining burst time: 10
INFO:__main__:=========================================================
INFO:__main__:Time: 45
INFO:__main__:Current Process: P1 (burst_time: 10, processed_time: 4, sub_wait_time: 0, arrival_time: 1)
INFO:__main__:Queue 1: [P2 (burst_time: 1, processed_time: 3, sub_wait_time: 9, arrival_time: 3), P6 (burst_time: 2, processed_time: 0, sub_wait_time: 0, arrival_time: 15), ]
INFO:__main__:Queue 2: [P5 (burst_time: 9, processed_time: 0, sub_wait_time: 0, arrival_time: 11), ]
INFO:__main__:Queue 3: []
INFO:__main__:=========================================================
INFO:__main__:Processing P1, remaining burst time: 9
INFO:__main__:=========================================================
INFO:__main__:Time: 46
INFO:__main__:Current Process: P1 (burst_time: 9, processed_time: 5, sub_wait_time: 0, arrival_time: 1)
INFO:__main__:Queue 1: [P2 (burst_time: 1, processed_time: 3, sub_wait_time: 10, arrival_time: 3), P6 (burst_time: 2, processed_time: 0, sub_wait_time: 1, arrival_time: 15), ]
INFO:__main__:Queue 2: [P5 (burst_time: 9, processed_time: 0, sub_wait_time: 1, arrival_time: 11), ]
INFO:__main__:Queue 3: []
INFO:__main__:=========================================================
INFO:__main__:Processing P1, remaining burst time: 8
INFO:__main__:Process P1 has been demoted to Queue 2 due to exceeding lower priority time
INFO:__main__:Quantum time finished for process P1
INFO:__main__:Process P2 from Queue 1 is selected to run
INFO:__main__:=========================================================
INFO:__main__:Time: 47
INFO:__main__:Current Process: P2 (burst_time: 1, processed_time: 3, sub_wait_time: 0, arrival_time: 3)
INFO:__main__:Queue 1: [P6 (burst_time: 2, processed_time: 0, sub_wait_time: 2, arrival_time: 15), ]
INFO:__main__:Queue 2: [P5 (burst_time: 9, processed_time: 0, sub_wait_time: 2, arrival_time: 11), P1 (burst_time: 8, processed_time: 0, sub_wait_time: 0, arrival_time: 1), ]
INFO:__main__:Queue 3: []
INFO:__main__:=========================================================
INFO:__main__:Processing P2, remaining burst time: 0
INFO:__main__:Process P2 has completed execution
INFO:__main__:Quantum time finished for process P2
INFO:__main__:Process P6 from Queue 1 is selected to run
INFO:__main__:=========================================================
INFO:__main__:Time: 48
INFO:__main__:Current Process: P6 (burst_time: 2, processed_time: 0, sub_wait_time: 0, arrival_time: 15)
INFO:__main__:Queue 1: []
INFO:__main__:Queue 2: [P5 (burst_time: 9, processed_time: 0, sub_wait_time: 3, arrival_time: 11), P1 (burst_time: 8, processed_time: 0, sub_wait_time: 1, arrival_time: 1), ]
INFO:__main__:Queue 3: []
INFO:__main__:=========================================================
INFO:__main__:Processing P6, remaining burst time: 1
INFO:__main__:=========================================================
INFO:__main__:Time: 49
INFO:__main__:Current Process: P6 (burst_time: 1, processed_time: 1, sub_wait_time: 0, arrival_time: 15)
INFO:__main__:Queue 1: []
INFO:__main__:Queue 2: [P5 (burst_time: 9, processed_time: 0, sub_wait_time: 4, arrival_time: 11), P1 (burst_time: 8, processed_time: 0, sub_wait_time: 2, arrival_time: 1), ]
INFO:__main__:Queue 3: []
INFO:__main__:=========================================================
INFO:__main__:Process P5 has been promoted to Queue 1 due to aging
INFO:__main__:Processing P6, remaining burst time: 0
INFO:__main__:Process P6 has completed execution
INFO:__main__:Quantum time finished for process P6
INFO:__main__:Process P5 from Queue 1 is selected to run
INFO:__main__:=========================================================
INFO:__main__:Time: 50
INFO:__main__:Current Process: P5 (burst_time: 9, processed_time: 0, sub_wait_time: 0, arrival_time: 11)
INFO:__main__:Queue 1: []
INFO:__main__:Queue 2: [P1 (burst_time: 8, processed_time: 0, sub_wait_time: 2, arrival_time: 1), ]
INFO:__main__:Queue 3: []
INFO:__main__:=========================================================
INFO:__main__:Processing P5, remaining burst time: 8
INFO:__main__:=========================================================
INFO:__main__:Time: 51
INFO:__main__:Current Process: P5 (burst_time: 8, processed_time: 1, sub_wait_time: 0, arrival_time: 11)
INFO:__main__:Queue 1: []
INFO:__main__:Queue 2: [P1 (burst_time: 8, processed_time: 0, sub_wait_time: 3, arrival_time: 1), ]
INFO:__main__:Queue 3: []
INFO:__main__:=========================================================
INFO:__main__:Processing P5, remaining burst time: 7
INFO:__main__:=========================================================
INFO:__main__:Time: 52
INFO:__main__:Current Process: P5 (burst_time: 7, processed_time: 2, sub_wait_time: 0, arrival_time: 11)
INFO:__main__:Queue 1: []
INFO:__main__:Queue 2: [P1 (burst_time: 8, processed_time: 0, sub_wait_time: 4, arrival_time: 1), ]
INFO:__main__:Queue 3: []
INFO:__main__:=========================================================
INFO:__main__:Process P1 has been promoted to Queue 1 due to aging
INFO:__main__:Processing P5, remaining burst time: 6
INFO:__main__:Quantum time finished for process P5
INFO:__main__:Process P1 from Queue 1 is selected to run
INFO:__main__:=========================================================
INFO:__main__:Time: 53
INFO:__main__:Current Process: P1 (burst_time: 8, processed_time: 0, sub_wait_time: 0, arrival_time: 1)
INFO:__main__:Queue 1: [P5 (burst_time: 6, processed_time: 3, sub_wait_time: 0, arrival_time: 11), ]
INFO:__main__:Queue 2: []
INFO:__main__:Queue 3: []
INFO:__main__:=========================================================
INFO:__main__:Processing P1, remaining burst time: 7
INFO:__main__:=========================================================
INFO:__main__:Time: 54
INFO:__main__:Current Process: P1 (burst_time: 7, processed_time: 1, sub_wait_time: 0, arrival_time: 1)
INFO:__main__:Queue 1: [P5 (burst_time: 6, processed_time: 3, sub_wait_time: 1, arrival_time: 11), ]
INFO:__main__:Queue 2: []
INFO:__main__:Queue 3: []
INFO:__main__:=========================================================
INFO:__main__:Processing P1, remaining burst time: 6
INFO:__main__:=========================================================
INFO:__main__:Time: 55
INFO:__main__:Current Process: P1 (burst_time: 6, processed_time: 2, sub_wait_time: 0, arrival_time: 1)
INFO:__main__:Queue 1: [P5 (burst_time: 6, processed_time: 3, sub_wait_time: 2, arrival_time: 11), ]
INFO:__main__:Queue 2: []
INFO:__main__:Queue 3: []
INFO:__main__:=========================================================
INFO:__main__:Processing P1, remaining burst time: 5
INFO:__main__:Quantum time finished for process P1
INFO:__main__:Process P5 from Queue 1 is selected to run
INFO:__main__:=========================================================
INFO:__main__:Time: 56
INFO:__main__:Current Process: P5 (burst_time: 6, processed_time: 3, sub_wait_time: 0, arrival_time: 11)
INFO:__main__:Queue 1: [P1 (burst_time: 5, processed_time: 3, sub_wait_time: 0, arrival_time: 1), ]
INFO:__main__:Queue 2: []
INFO:__main__:Queue 3: []
INFO:__main__:=========================================================
INFO:__main__:Processing P5, remaining burst time: 5
INFO:__main__:=========================================================
INFO:__main__:Time: 57
INFO:__main__:Current Process: P5 (burst_time: 5, processed_time: 4, sub_wait_time: 0, arrival_time: 11)
INFO:__main__:Queue 1: [P1 (burst_time: 5, processed_time: 3, sub_wait_time: 1, arrival_time: 1), ]
INFO:__main__:Queue 2: []
INFO:__main__:Queue 3: []
INFO:__main__:=========================================================
INFO:__main__:Processing P5, remaining burst time: 4
INFO:__main__:=========================================================
INFO:__main__:Time: 58
INFO:__main__:Current Process: P5 (burst_time: 4, processed_time: 5, sub_wait_time: 0, arrival_time: 11)
INFO:__main__:Queue 1: [P1 (burst_time: 5, processed_time: 3, sub_wait_time: 2, arrival_time: 1), ]
INFO:__main__:Queue 2: []
INFO:__main__:Queue 3: []
INFO:__main__:=========================================================
INFO:__main__:Processing P5, remaining burst time: 3
INFO:__main__:Process P5 has been demoted to Queue 2 due to exceeding lower priority time
INFO:__main__:Quantum time finished for process P5
INFO:__main__:Process P1 from Queue 1 is selected to run
INFO:__main__:=========================================================
INFO:__main__:Time: 59
INFO:__main__:Current Process: P1 (burst_time: 5, processed_time: 3, sub_wait_time: 0, arrival_time: 1)
INFO:__main__:Queue 1: []
INFO:__main__:Queue 2: [P5 (burst_time: 3, processed_time: 0, sub_wait_time: 0, arrival_time: 11), ]
INFO:__main__:Queue 3: []
INFO:__main__:=========================================================
INFO:__main__:Processing P1, remaining burst time: 4
INFO:__main__:=========================================================
INFO:__main__:Time: 60
INFO:__main__:Current Process: P1 (burst_time: 4, processed_time: 4, sub_wait_time: 0, arrival_time: 1)
INFO:__main__:Queue 1: []
INFO:__main__:Queue 2: [P5 (burst_time: 3, processed_time: 0, sub_wait_time: 1, arrival_time: 11), ]
INFO:__main__:Queue 3: []
INFO:__main__:=========================================================
INFO:__main__:Processing P1, remaining burst time: 3
INFO:__main__:=========================================================
INFO:__main__:Time: 61
INFO:__main__:Current Process: P1 (burst_time: 3, processed_time: 5, sub_wait_time: 0, arrival_time: 1)
INFO:__main__:Queue 1: []
INFO:__main__:Queue 2: [P5 (burst_time: 3, processed_time: 0, sub_wait_time: 2, arrival_time: 11), ]
INFO:__main__:Queue 3: []
INFO:__main__:=========================================================
INFO:__main__:Processing P1, remaining burst time: 2
INFO:__main__:Process P1 has been demoted to Queue 2 due to exceeding lower priority time
INFO:__main__:Quantum time finished for process P1
INFO:__main__:Process P5 from Queue 2 is selected to run
INFO:__main__:=========================================================
INFO:__main__:Time: 62
INFO:__main__:Current Process: P5 (burst_time: 3, processed_time: 0, sub_wait_time: 0, arrival_time: 11)
INFO:__main__:Queue 1: []
INFO:__main__:Queue 2: [P1 (burst_time: 2, processed_time: 0, sub_wait_time: 0, arrival_time: 1), ]
INFO:__main__:Queue 3: []
INFO:__main__:=========================================================
INFO:__main__:Processing P5, remaining burst time: 2
INFO:__main__:=========================================================
INFO:__main__:Time: 63
INFO:__main__:Current Process: P5 (burst_time: 2, processed_time: 1, sub_wait_time: 0, arrival_time: 11)
INFO:__main__:Queue 1: []
INFO:__main__:Queue 2: [P1 (burst_time: 2, processed_time: 0, sub_wait_time: 1, arrival_time: 1), ]
INFO:__main__:Queue 3: []
INFO:__main__:=========================================================
INFO:__main__:Processing P5, remaining burst time: 1
INFO:__main__:=========================================================
INFO:__main__:Time: 64
INFO:__main__:Current Process: P5 (burst_time: 1, processed_time: 2, sub_wait_time: 0, arrival_time: 11)
INFO:__main__:Queue 1: []
INFO:__main__:Queue 2: [P1 (burst_time: 2, processed_time: 0, sub_wait_time: 2, arrival_time: 1), ]
INFO:__main__:Queue 3: []
INFO:__main__:=========================================================
INFO:__main__:Processing P5, remaining burst time: 0
INFO:__main__:Process P5 has completed execution
INFO:__main__:Quantum time finished for process P5
INFO:__main__:Process P1 from Queue 2 is selected to run
INFO:__main__:=========================================================
INFO:__main__:Time: 65
INFO:__main__:Current Process: P1 (burst_time: 2, processed_time: 0, sub_wait_time: 0, arrival_time: 1)
INFO:__main__:Queue 1: []
INFO:__main__:Queue 2: []
INFO:__main__:Queue 3: []
INFO:__main__:=========================================================
INFO:__main__:Processing P1, remaining burst time: 1
INFO:__main__:=========================================================
INFO:__main__:Time: 66
INFO:__main__:Current Process: P1 (burst_time: 1, processed_time: 1, sub_wait_time: 0, arrival_time: 1)
INFO:__main__:Queue 1: []
INFO:__main__:Queue 2: []
INFO:__main__:Queue 3: []
INFO:__main__:=========================================================
INFO:__main__:Processing P1, remaining burst time: 0
INFO:__main__:Process P1 has completed execution
INFO:__main__:Quantum time finished for process P1
INFO:__main__:=========================================================
INFO:__main__:Time: 67
INFO:__main__:Current Process: None
INFO:__main__:Queue 1: []
INFO:__main__:Queue 2: []
INFO:__main__:Queue 3: []
INFO:__main__:=========================================================
INFO:__main__:All processes have completed execution.
